<?xml version="1.0" encoding="UTF-8"?>
<!-- Generated by org.testng.reporters.JUnitXMLReporter -->
<testsuite ignored="6" hostname="DESKTOP-GPKURBV" failures="0" tests="1" name="Default test" time="1.354" errors="0" timestamp="08 Jun 2022 20:46:33 GMT">
  <testcase classname="RestassuredAutomation.getResponseBody" name="getResponseBody" time="1.292"/>
  <testcase classname="RestassuredAutomation.getResponseBody" name="getResponseContentType" time="0.0">
    <ignored/>
  </testcase> <!-- getResponseContentType -->
  <testcase classname="RestassuredAutomation.getResponseBody" name="basicAuth" time="0.0">
    <ignored/>
  </testcase> <!-- basicAuth -->
  <testcase classname="RestassuredAutomation.getResponseBody" name="getResponseHeader" time="0.0">
    <ignored/>
  </testcase> <!-- getResponseHeader -->
  <testcase classname="RestassuredAutomation.getResponseBody" name="getResponse" time="0.0">
    <ignored/>
  </testcase> <!-- getResponse -->
  <testcase classname="RestassuredAutomation.getResponseBody" name="getResponseTime" time="0.0">
    <ignored/>
  </testcase> <!-- getResponseTime -->
  <testcase classname="RestassuredAutomation.getResponseBody" name="getResponseStatus" time="0.0">
    <ignored/>
  </testcase> <!-- getResponseStatus -->
</testsuite> <!-- Default test -->
