<?xml version="1.0" encoding="UTF-8"?>
<testng-results ignored="6" total="7" passed="1" failed="0" skipped="0">
  <reporter-output>
  </reporter-output>
  <suite started-at="2022-06-08T20:46:32Z" name="Default suite" finished-at="2022-06-08T20:46:33Z" duration-ms="1354">
    <groups>
    </groups>
    <test started-at="2022-06-08T20:46:32Z" name="Default test" finished-at="2022-06-08T20:46:33Z" duration-ms="1354">
      <class name="RestassuredAutomation.getResponseBody">
        <test-method signature="getResponseBody()[pri:0, instance:RestassuredAutomation.getResponseBody@497486b3]" started-at="2022-06-08T20:46:32Z" name="getResponseBody" finished-at="2022-06-08T20:46:33Z" duration-ms="1292" status="PASS">
          <reporter-output>
          </reporter-output>
        </test-method> <!-- getResponseBody -->
      </class> <!-- RestassuredAutomation.getResponseBody -->
    </test> <!-- Default test -->
  </suite> <!-- Default suite -->
</testng-results>
